[2025-06-16 16:37:52] Erro [2] Undefined array key 0 - Arquivo: C:\Users\nubmo\OneDrive\Documentos\GitHub\HubMenu-PhpPuro\App\Controllers\Empresarial\LoginController.php - Linha: 42
[2025-06-16 21:39:22] Exceção não capturada: syntax error, unexpected token "}", expecting variable or "{" or "$" - Arquivo: C:\Users\nubmo\OneDrive\Documentos\GitHub\HubMenu-PhpPuro\App\Controllers\Empresarial\PedidosController.php - Linha: 25
[2025-06-16 21:39:40] Exceção não capturada: syntax error, unexpected token "}", expecting variable or "{" or "$" - Arquivo: C:\Users\nubmo\OneDrive\Documentos\GitHub\HubMenu-PhpPuro\App\Controllers\Empresarial\PedidosController.php - Linha: 25
[2025-06-16 21:39:40] Exceção não capturada: syntax error, unexpected token "}", expecting variable or "{" or "$" - Arquivo: C:\Users\nubmo\OneDrive\Documentos\GitHub\HubMenu-PhpPuro\App\Controllers\Empresarial\PedidosController.php - Linha: 25
[2025-06-16 21:39:40] Exceção não capturada: syntax error, unexpected token "}", expecting variable or "{" or "$" - Arquivo: C:\Users\nubmo\OneDrive\Documentos\GitHub\HubMenu-PhpPuro\App\Controllers\Empresarial\PedidosController.php - Linha: 25
[2025-06-16 21:39:40] Exceção não capturada: syntax error, unexpected token "}", expecting variable or "{" or "$" - Arquivo: C:\Users\nubmo\OneDrive\Documentos\GitHub\HubMenu-PhpPuro\App\Controllers\Empresarial\PedidosController.php - Linha: 25
[2025-06-16 21:39:41] Exceção não capturada: syntax error, unexpected token "}", expecting variable or "{" or "$" - Arquivo: C:\Users\nubmo\OneDrive\Documentos\GitHub\HubMenu-PhpPuro\App\Controllers\Empresarial\PedidosController.php - Linha: 25
[2025-06-16 21:40:11] Exceção não capturada: syntax error, unexpected token "}", expecting variable or "{" or "$" - Arquivo: C:\Users\nubmo\OneDrive\Documentos\GitHub\HubMenu-PhpPuro\App\Controllers\Empresarial\PedidosController.php - Linha: 25
[2025-06-16 21:40:12] Exceção não capturada: syntax error, unexpected token "}", expecting variable or "{" or "$" - Arquivo: C:\Users\nubmo\OneDrive\Documentos\GitHub\HubMenu-PhpPuro\App\Controllers\Empresarial\PedidosController.php - Linha: 25
[2025-06-16 21:40:12] Exceção não capturada: syntax error, unexpected token "}", expecting variable or "{" or "$" - Arquivo: C:\Users\nubmo\OneDrive\Documentos\GitHub\HubMenu-PhpPuro\App\Controllers\Empresarial\PedidosController.php - Linha: 25
[2025-06-16 21:40:12] Exceção não capturada: syntax error, unexpected token "}", expecting variable or "{" or "$" - Arquivo: C:\Users\nubmo\OneDrive\Documentos\GitHub\HubMenu-PhpPuro\App\Controllers\Empresarial\PedidosController.php - Linha: 25
[2025-06-16 21:40:12] Exceção não capturada: syntax error, unexpected token "}", expecting variable or "{" or "$" - Arquivo: C:\Users\nubmo\OneDrive\Documentos\GitHub\HubMenu-PhpPuro\App\Controllers\Empresarial\PedidosController.php - Linha: 25
[2025-06-16 21:40:12] Exceção não capturada: syntax error, unexpected token "}", expecting variable or "{" or "$" - Arquivo: C:\Users\nubmo\OneDrive\Documentos\GitHub\HubMenu-PhpPuro\App\Controllers\Empresarial\PedidosController.php - Linha: 25
[2025-06-16 21:40:13] Exceção não capturada: syntax error, unexpected token "}", expecting variable or "{" or "$" - Arquivo: C:\Users\nubmo\OneDrive\Documentos\GitHub\HubMenu-PhpPuro\App\Controllers\Empresarial\PedidosController.php - Linha: 25
[2025-06-16 21:40:13] Exceção não capturada: syntax error, unexpected token "}", expecting variable or "{" or "$" - Arquivo: C:\Users\nubmo\OneDrive\Documentos\GitHub\HubMenu-PhpPuro\App\Controllers\Empresarial\PedidosController.php - Linha: 25
[2025-06-16 21:40:18] Exceção não capturada: syntax error, unexpected token "}", expecting variable or "{" or "$" - Arquivo: C:\Users\nubmo\OneDrive\Documentos\GitHub\HubMenu-PhpPuro\App\Controllers\Empresarial\PedidosController.php - Linha: 25
[2025-06-16 21:40:20] Exceção não capturada: syntax error, unexpected token "}", expecting variable or "{" or "$" - Arquivo: C:\Users\nubmo\OneDrive\Documentos\GitHub\HubMenu-PhpPuro\App\Controllers\Empresarial\PedidosController.php - Linha: 25
[2025-06-16 16:40:38] Erro [2] Undefined array key 0 - Arquivo: C:\Users\nubmo\OneDrive\Documentos\GitHub\HubMenu-PhpPuro\App\Controllers\Empresarial\LoginController.php - Linha: 42
[2025-06-16 16:40:55] Erro [2] Undefined array key 0 - Arquivo: C:\Users\nubmo\OneDrive\Documentos\GitHub\HubMenu-PhpPuro\App\Controllers\Empresarial\LoginController.php - Linha: 42
[2025-06-16 16:41:06] Erro [2] Undefined array key 0 - Arquivo: C:\Users\nubmo\OneDrive\Documentos\GitHub\HubMenu-PhpPuro\App\Controllers\Empresarial\LoginController.php - Linha: 42
[2025-06-16 16:41:14] Erro [2] Undefined array key 0 - Arquivo: C:\Users\nubmo\OneDrive\Documentos\GitHub\HubMenu-PhpPuro\App\Controllers\Empresarial\LoginController.php - Linha: 42
[2025-06-16 16:42:32] Erro [2] Undefined array key 0 - Arquivo: C:\Users\nubmo\OneDrive\Documentos\GitHub\HubMenu-PhpPuro\App\Controllers\Empresarial\LoginController.php - Linha: 42
[2025-06-16 21:42:34] Exceção não capturada: syntax error, unexpected token "}", expecting variable or "{" or "$" - Arquivo: C:\Users\nubmo\OneDrive\Documentos\GitHub\HubMenu-PhpPuro\App\Controllers\Empresarial\PedidosController.php - Linha: 25
[2025-06-16 21:42:34] Exceção não capturada: syntax error, unexpected token "}", expecting variable or "{" or "$" - Arquivo: C:\Users\nubmo\OneDrive\Documentos\GitHub\HubMenu-PhpPuro\App\Controllers\Empresarial\PedidosController.php - Linha: 25
[2025-06-16 21:42:34] Exceção não capturada: syntax error, unexpected token "}", expecting variable or "{" or "$" - Arquivo: C:\Users\nubmo\OneDrive\Documentos\GitHub\HubMenu-PhpPuro\App\Controllers\Empresarial\PedidosController.php - Linha: 25
[2025-06-16 21:42:35] Exceção não capturada: syntax error, unexpected token "}", expecting variable or "{" or "$" - Arquivo: C:\Users\nubmo\OneDrive\Documentos\GitHub\HubMenu-PhpPuro\App\Controllers\Empresarial\PedidosController.php - Linha: 25
[2025-06-16 16:45:05] Erro [2] Undefined array key "usuario_nome" - Arquivo: C:\Users\nubmo\OneDrive\Documentos\GitHub\HubMenu-PhpPuro\App\Controllers\Empresarial\EsqueceuSenha.php - Linha: 48
[2025-06-16 16:45:46] Erro [8192] Required parameter $cnpj follows optional parameter $endereco - Arquivo: C:\Users\nubmo\OneDrive\Documentos\GitHub\HubMenu-PhpPuro\App\Models\EstabelecimentosModel.php - Linha: 32
[2025-06-16 16:45:46] Erro [8192] Required parameter $tipo follows optional parameter $endereco - Arquivo: C:\Users\nubmo\OneDrive\Documentos\GitHub\HubMenu-PhpPuro\App\Models\EstabelecimentosModel.php - Linha: 32
[2025-06-16 16:45:46] Erro [8192] Required parameter $media_avaliacao follows optional parameter $endereco - Arquivo: C:\Users\nubmo\OneDrive\Documentos\GitHub\HubMenu-PhpPuro\App\Models\EstabelecimentosModel.php - Linha: 32
[2025-06-16 16:45:46] Erro [8192] Required parameter $cnpj follows optional parameter $endereco - Arquivo: C:\Users\nubmo\OneDrive\Documentos\GitHub\HubMenu-PhpPuro\App\Models\EstabelecimentosModel.php - Linha: 56
[2025-06-16 16:45:46] Erro [8192] Required parameter $tipo follows optional parameter $endereco - Arquivo: C:\Users\nubmo\OneDrive\Documentos\GitHub\HubMenu-PhpPuro\App\Models\EstabelecimentosModel.php - Linha: 56
[2025-06-16 16:45:46] Erro [8192] Required parameter $media_avaliacao follows optional parameter $endereco - Arquivo: C:\Users\nubmo\OneDrive\Documentos\GitHub\HubMenu-PhpPuro\App\Models\EstabelecimentosModel.php - Linha: 56
[2025-06-16 16:45:46] Erro [8192] Required parameter $cnpj follows optional parameter $endereco - Arquivo: C:\Users\nubmo\OneDrive\Documentos\GitHub\HubMenu-PhpPuro\App\Models\EstabelecimentosModel.php - Linha: 32
[2025-06-16 16:45:46] Erro [8192] Required parameter $tipo follows optional parameter $endereco - Arquivo: C:\Users\nubmo\OneDrive\Documentos\GitHub\HubMenu-PhpPuro\App\Models\EstabelecimentosModel.php - Linha: 32
[2025-06-16 16:45:46] Erro [8192] Required parameter $media_avaliacao follows optional parameter $endereco - Arquivo: C:\Users\nubmo\OneDrive\Documentos\GitHub\HubMenu-PhpPuro\App\Models\EstabelecimentosModel.php - Linha: 32
[2025-06-16 16:45:46] Erro [8192] Required parameter $cnpj follows optional parameter $endereco - Arquivo: C:\Users\nubmo\OneDrive\Documentos\GitHub\HubMenu-PhpPuro\App\Models\EstabelecimentosModel.php - Linha: 56
[2025-06-16 16:45:46] Erro [8192] Required parameter $tipo follows optional parameter $endereco - Arquivo: C:\Users\nubmo\OneDrive\Documentos\GitHub\HubMenu-PhpPuro\App\Models\EstabelecimentosModel.php - Linha: 56
[2025-06-16 16:45:46] Erro [8192] Required parameter $media_avaliacao follows optional parameter $endereco - Arquivo: C:\Users\nubmo\OneDrive\Documentos\GitHub\HubMenu-PhpPuro\App\Models\EstabelecimentosModel.php - Linha: 56
[2025-06-16 21:52:48] Exceção não capturada: Unclosed '{' on line 8 - Arquivo: C:\Users\nubmo\OneDrive\Documentos\GitHub\HubMenu-PhpPuro\App\Controllers\Empresarial\PedidosController.php - Linha: 27
[2025-06-16 16:56:13] Erro [8192] Required parameter $cnpj follows optional parameter $endereco - Arquivo: C:\Users\nubmo\OneDrive\Documentos\GitHub\HubMenu-PhpPuro\App\Models\EstabelecimentosModel.php - Linha: 32
[2025-06-16 16:56:13] Erro [8192] Required parameter $tipo follows optional parameter $endereco - Arquivo: C:\Users\nubmo\OneDrive\Documentos\GitHub\HubMenu-PhpPuro\App\Models\EstabelecimentosModel.php - Linha: 32
[2025-06-16 16:56:13] Erro [8192] Required parameter $media_avaliacao follows optional parameter $endereco - Arquivo: C:\Users\nubmo\OneDrive\Documentos\GitHub\HubMenu-PhpPuro\App\Models\EstabelecimentosModel.php - Linha: 32
[2025-06-16 16:56:13] Erro [8192] Required parameter $cnpj follows optional parameter $endereco - Arquivo: C:\Users\nubmo\OneDrive\Documentos\GitHub\HubMenu-PhpPuro\App\Models\EstabelecimentosModel.php - Linha: 56
[2025-06-16 16:56:13] Erro [8192] Required parameter $tipo follows optional parameter $endereco - Arquivo: C:\Users\nubmo\OneDrive\Documentos\GitHub\HubMenu-PhpPuro\App\Models\EstabelecimentosModel.php - Linha: 56
[2025-06-16 16:56:13] Erro [8192] Required parameter $media_avaliacao follows optional parameter $endereco - Arquivo: C:\Users\nubmo\OneDrive\Documentos\GitHub\HubMenu-PhpPuro\App\Models\EstabelecimentosModel.php - Linha: 56
[2025-06-16 16:56:13] Erro [8192] Required parameter $cnpj follows optional parameter $endereco - Arquivo: C:\Users\nubmo\OneDrive\Documentos\GitHub\HubMenu-PhpPuro\App\Models\EstabelecimentosModel.php - Linha: 32
[2025-06-16 16:56:13] Erro [8192] Required parameter $tipo follows optional parameter $endereco - Arquivo: C:\Users\nubmo\OneDrive\Documentos\GitHub\HubMenu-PhpPuro\App\Models\EstabelecimentosModel.php - Linha: 32
[2025-06-16 16:56:13] Erro [8192] Required parameter $media_avaliacao follows optional parameter $endereco - Arquivo: C:\Users\nubmo\OneDrive\Documentos\GitHub\HubMenu-PhpPuro\App\Models\EstabelecimentosModel.php - Linha: 32
[2025-06-16 16:56:13] Erro [8192] Required parameter $cnpj follows optional parameter $endereco - Arquivo: C:\Users\nubmo\OneDrive\Documentos\GitHub\HubMenu-PhpPuro\App\Models\EstabelecimentosModel.php - Linha: 56
[2025-06-16 16:56:13] Erro [8192] Required parameter $tipo follows optional parameter $endereco - Arquivo: C:\Users\nubmo\OneDrive\Documentos\GitHub\HubMenu-PhpPuro\App\Models\EstabelecimentosModel.php - Linha: 56
[2025-06-16 16:56:13] Erro [8192] Required parameter $media_avaliacao follows optional parameter $endereco - Arquivo: C:\Users\nubmo\OneDrive\Documentos\GitHub\HubMenu-PhpPuro\App\Models\EstabelecimentosModel.php - Linha: 56
[2025-06-16 16:57:34] Erro [8192] Required parameter $cnpj follows optional parameter $endereco - Arquivo: C:\Users\nubmo\OneDrive\Documentos\GitHub\HubMenu-PhpPuro\App\Models\EstabelecimentosModel.php - Linha: 32
[2025-06-16 16:57:34] Erro [8192] Required parameter $tipo follows optional parameter $endereco - Arquivo: C:\Users\nubmo\OneDrive\Documentos\GitHub\HubMenu-PhpPuro\App\Models\EstabelecimentosModel.php - Linha: 32
[2025-06-16 16:57:34] Erro [8192] Required parameter $media_avaliacao follows optional parameter $endereco - Arquivo: C:\Users\nubmo\OneDrive\Documentos\GitHub\HubMenu-PhpPuro\App\Models\EstabelecimentosModel.php - Linha: 32
[2025-06-16 16:57:34] Erro [8192] Required parameter $cnpj follows optional parameter $endereco - Arquivo: C:\Users\nubmo\OneDrive\Documentos\GitHub\HubMenu-PhpPuro\App\Models\EstabelecimentosModel.php - Linha: 56
[2025-06-16 16:57:34] Erro [8192] Required parameter $tipo follows optional parameter $endereco - Arquivo: C:\Users\nubmo\OneDrive\Documentos\GitHub\HubMenu-PhpPuro\App\Models\EstabelecimentosModel.php - Linha: 56
[2025-06-16 16:57:34] Erro [8192] Required parameter $media_avaliacao follows optional parameter $endereco - Arquivo: C:\Users\nubmo\OneDrive\Documentos\GitHub\HubMenu-PhpPuro\App\Models\EstabelecimentosModel.php - Linha: 56
[2025-06-16 16:57:34] Erro [8192] Required parameter $cnpj follows optional parameter $endereco - Arquivo: C:\Users\nubmo\OneDrive\Documentos\GitHub\HubMenu-PhpPuro\App\Models\EstabelecimentosModel.php - Linha: 32
[2025-06-16 16:57:34] Erro [8192] Required parameter $tipo follows optional parameter $endereco - Arquivo: C:\Users\nubmo\OneDrive\Documentos\GitHub\HubMenu-PhpPuro\App\Models\EstabelecimentosModel.php - Linha: 32
[2025-06-16 16:57:34] Erro [8192] Required parameter $media_avaliacao follows optional parameter $endereco - Arquivo: C:\Users\nubmo\OneDrive\Documentos\GitHub\HubMenu-PhpPuro\App\Models\EstabelecimentosModel.php - Linha: 32
[2025-06-16 16:57:34] Erro [8192] Required parameter $cnpj follows optional parameter $endereco - Arquivo: C:\Users\nubmo\OneDrive\Documentos\GitHub\HubMenu-PhpPuro\App\Models\EstabelecimentosModel.php - Linha: 56
[2025-06-16 16:57:34] Erro [8192] Required parameter $tipo follows optional parameter $endereco - Arquivo: C:\Users\nubmo\OneDrive\Documentos\GitHub\HubMenu-PhpPuro\App\Models\EstabelecimentosModel.php - Linha: 56
[2025-06-16 16:57:34] Erro [8192] Required parameter $media_avaliacao follows optional parameter $endereco - Arquivo: C:\Users\nubmo\OneDrive\Documentos\GitHub\HubMenu-PhpPuro\App\Models\EstabelecimentosModel.php - Linha: 56
[2025-06-16 17:00:28] Erro [8192] Required parameter $cnpj follows optional parameter $endereco - Arquivo: C:\Users\nubmo\OneDrive\Documentos\GitHub\HubMenu-PhpPuro\App\Models\EstabelecimentosModel.php - Linha: 32
[2025-06-16 17:00:28] Erro [8192] Required parameter $tipo follows optional parameter $endereco - Arquivo: C:\Users\nubmo\OneDrive\Documentos\GitHub\HubMenu-PhpPuro\App\Models\EstabelecimentosModel.php - Linha: 32
[2025-06-16 17:00:28] Erro [8192] Required parameter $media_avaliacao follows optional parameter $endereco - Arquivo: C:\Users\nubmo\OneDrive\Documentos\GitHub\HubMenu-PhpPuro\App\Models\EstabelecimentosModel.php - Linha: 32
[2025-06-16 17:00:28] Erro [8192] Required parameter $cnpj follows optional parameter $endereco - Arquivo: C:\Users\nubmo\OneDrive\Documentos\GitHub\HubMenu-PhpPuro\App\Models\EstabelecimentosModel.php - Linha: 56
[2025-06-16 17:00:28] Erro [8192] Required parameter $tipo follows optional parameter $endereco - Arquivo: C:\Users\nubmo\OneDrive\Documentos\GitHub\HubMenu-PhpPuro\App\Models\EstabelecimentosModel.php - Linha: 56
[2025-06-16 17:00:28] Erro [8192] Required parameter $media_avaliacao follows optional parameter $endereco - Arquivo: C:\Users\nubmo\OneDrive\Documentos\GitHub\HubMenu-PhpPuro\App\Models\EstabelecimentosModel.php - Linha: 56
[2025-06-16 17:00:28] Erro [8192] Required parameter $cnpj follows optional parameter $endereco - Arquivo: C:\Users\nubmo\OneDrive\Documentos\GitHub\HubMenu-PhpPuro\App\Models\EstabelecimentosModel.php - Linha: 32
[2025-06-16 17:00:28] Erro [8192] Required parameter $tipo follows optional parameter $endereco - Arquivo: C:\Users\nubmo\OneDrive\Documentos\GitHub\HubMenu-PhpPuro\App\Models\EstabelecimentosModel.php - Linha: 32
[2025-06-16 17:00:28] Erro [8192] Required parameter $media_avaliacao follows optional parameter $endereco - Arquivo: C:\Users\nubmo\OneDrive\Documentos\GitHub\HubMenu-PhpPuro\App\Models\EstabelecimentosModel.php - Linha: 32
[2025-06-16 17:00:28] Erro [8192] Required parameter $cnpj follows optional parameter $endereco - Arquivo: C:\Users\nubmo\OneDrive\Documentos\GitHub\HubMenu-PhpPuro\App\Models\EstabelecimentosModel.php - Linha: 56
[2025-06-16 17:00:28] Erro [8192] Required parameter $tipo follows optional parameter $endereco - Arquivo: C:\Users\nubmo\OneDrive\Documentos\GitHub\HubMenu-PhpPuro\App\Models\EstabelecimentosModel.php - Linha: 56
[2025-06-16 17:00:28] Erro [8192] Required parameter $media_avaliacao follows optional parameter $endereco - Arquivo: C:\Users\nubmo\OneDrive\Documentos\GitHub\HubMenu-PhpPuro\App\Models\EstabelecimentosModel.php - Linha: 56
[2025-06-16 17:00:31] Erro [8192] Required parameter $cnpj follows optional parameter $endereco - Arquivo: C:\Users\nubmo\OneDrive\Documentos\GitHub\HubMenu-PhpPuro\App\Models\EstabelecimentosModel.php - Linha: 32
[2025-06-16 17:00:31] Erro [8192] Required parameter $tipo follows optional parameter $endereco - Arquivo: C:\Users\nubmo\OneDrive\Documentos\GitHub\HubMenu-PhpPuro\App\Models\EstabelecimentosModel.php - Linha: 32
[2025-06-16 17:00:31] Erro [8192] Required parameter $media_avaliacao follows optional parameter $endereco - Arquivo: C:\Users\nubmo\OneDrive\Documentos\GitHub\HubMenu-PhpPuro\App\Models\EstabelecimentosModel.php - Linha: 32
[2025-06-16 17:00:31] Erro [8192] Required parameter $cnpj follows optional parameter $endereco - Arquivo: C:\Users\nubmo\OneDrive\Documentos\GitHub\HubMenu-PhpPuro\App\Models\EstabelecimentosModel.php - Linha: 56
[2025-06-16 17:00:31] Erro [8192] Required parameter $tipo follows optional parameter $endereco - Arquivo: C:\Users\nubmo\OneDrive\Documentos\GitHub\HubMenu-PhpPuro\App\Models\EstabelecimentosModel.php - Linha: 56
[2025-06-16 17:00:31] Erro [8192] Required parameter $media_avaliacao follows optional parameter $endereco - Arquivo: C:\Users\nubmo\OneDrive\Documentos\GitHub\HubMenu-PhpPuro\App\Models\EstabelecimentosModel.php - Linha: 56
[2025-06-16 17:00:33] Erro [8192] Required parameter $cnpj follows optional parameter $endereco - Arquivo: C:\Users\nubmo\OneDrive\Documentos\GitHub\HubMenu-PhpPuro\App\Models\EstabelecimentosModel.php - Linha: 32
[2025-06-16 17:00:33] Erro [8192] Required parameter $tipo follows optional parameter $endereco - Arquivo: C:\Users\nubmo\OneDrive\Documentos\GitHub\HubMenu-PhpPuro\App\Models\EstabelecimentosModel.php - Linha: 32
[2025-06-16 17:00:33] Erro [8192] Required parameter $media_avaliacao follows optional parameter $endereco - Arquivo: C:\Users\nubmo\OneDrive\Documentos\GitHub\HubMenu-PhpPuro\App\Models\EstabelecimentosModel.php - Linha: 32
[2025-06-16 17:00:33] Erro [8192] Required parameter $cnpj follows optional parameter $endereco - Arquivo: C:\Users\nubmo\OneDrive\Documentos\GitHub\HubMenu-PhpPuro\App\Models\EstabelecimentosModel.php - Linha: 56
[2025-06-16 17:00:33] Erro [8192] Required parameter $tipo follows optional parameter $endereco - Arquivo: C:\Users\nubmo\OneDrive\Documentos\GitHub\HubMenu-PhpPuro\App\Models\EstabelecimentosModel.php - Linha: 56
[2025-06-16 17:00:33] Erro [8192] Required parameter $media_avaliacao follows optional parameter $endereco - Arquivo: C:\Users\nubmo\OneDrive\Documentos\GitHub\HubMenu-PhpPuro\App\Models\EstabelecimentosModel.php - Linha: 56
[2025-06-16 17:01:14] Erro [2] Undefined array key 0 - Arquivo: C:\Users\nubmo\OneDrive\Documentos\GitHub\HubMenu-PhpPuro\App\Controllers\Empresarial\LoginController.php - Linha: 42
